<?xml version="1.0" encoding="UTF-8"?>
<testsuite name="hello.hello_spring.HelloSpringApplicationTests" tests="1" skipped="0" failures="0" errors="0" timestamp="2024-07-25T08:24:27" hostname="seonkyungui-MacBookPro.local" time="0.726">
  <properties/>
  <testcase name="contextLoads()" classname="hello.hello_spring.HelloSpringApplicationTests" time="0.726"/>
  <system-out><![CDATA[17:24:26.338 [Test worker] INFO org.springframework.test.context.support.AnnotationConfigContextLoaderUtils -- Could not detect default configuration classes for test class [hello.hello_spring.HelloSpringApplicationTests]: HelloSpringApplicationTests does not declare any static, non-private, non-final, nested classes annotated with @Configuration.
17:24:26.413 [Test worker] INFO org.springframework.boot.test.context.SpringBootTestContextBootstrapper -- Found @SpringBootConfiguration hello.hello_spring.HelloSpringApplication for test class hello.hello_spring.HelloSpringApplicationTests

  .   ____          _            __ _ _
 /\\ / ___'_ __ _ _(_)_ __  __ _ \ \ \ \
( ( )\___ | '_ | '_| | '_ \/ _` | \ \ \ \
 \\/  ___)| |_)| | | | | || (_| |  ) ) ) )
  '  |____| .__|_| |_|_| |_\__, | / / / /
 =========|_|==============|___/=/_/_/_/

 :: Spring Boot ::                (v3.3.2)

2024-07-25T17:24:26.705+09:00  INFO 2369 --- [hello-spring] [    Test worker] h.h.HelloSpringApplicationTests          : Starting HelloSpringApplicationTests using Java 17.0.11 with PID 2369 (started by seonkyungkim in /Users/seonkyungkim/Desktop/workspaceTest/hello-spring)
2024-07-25T17:24:26.707+09:00  INFO 2369 --- [hello-spring] [    Test worker] h.h.HelloSpringApplicationTests          : No active profile set, falling back to 1 default profile: "default"
2024-07-25T17:24:27.334+09:00  INFO 2369 --- [hello-spring] [    Test worker] o.s.b.a.w.s.WelcomePageHandlerMapping    : Adding welcome page: class path resource [static/index.html]
2024-07-25T17:24:27.544+09:00  INFO 2369 --- [hello-spring] [    Test worker] h.h.HelloSpringApplicationTests          : Started HelloSpringApplicationTests in 1.015 seconds (process running for 1.918)
]]></system-out>
  <system-err><![CDATA[]]></system-err>
</testsuite>
